Sending input: {"type": "input", "key": "a", "state": true}

Sending input: {"type": "input", "key": "a", "state": false}

Sending input: {"type": "input", "key": "w", "state": true}

Sending input: {"type": "input", "key": "a", "state": true}

Sending input: {"type": "input", "key": "a", "state": false}

Sending input: {"type": "input", "key": "w", "state": false}

Sending input: {"type": "input", "key": "a", "state": true}

Sending input: {"type": "input", "key": "w", "state": true}

Sending input: {"type": "input", "key": "a", "state": false}

Sending input: {"type": "input", "key": "d", "state": true}

Sending input: {"type": "input", "key": "d", "state": false}

Sending input: {"type": "input", "key": "a", "state": true}

Sending input: {"type": "input", "key": "a", "state": false}

Sending input: {"type": "input", "key": "d", "state": true}

Sending input: {"type": "input", "key": "d", "state": false}

Sending input: {"type": "input", "key": "a", "state": true}

Sending input: {"type": "input", "key": "a", "state": false}

Sending input: {"type": "input", "key": "d", "state": true}

Sending input: {"type": "input", "key": "d", "state": false}

Sending input: {"type": "input", "key": "a", "state": true}

Sending input: {"type": "input", "key": "a", "state": false}

Sending input: {"type": "input", "key": "d", "state": true}

Sending input: {"type": "input", "key": "d", "state": false}

Sending input: {"type": "input", "key": "a", "state": true}

Sending input: {"type": "input", "key": "a", "state": false}

Sending input: {"type": "input", "key": "a", "state": true}

Sending input: {"type": "input", "key": "a", "state": false}

Sending input: {"type": "input", "key": "d", "state": true}

Sending input: {"type": "input", "key": "d", "state": false}

Sending input: {"type": "input", "key": "a", "state": true}

Sending input: {"type": "input", "key": "a", "state": false}

Sending input: {"type": "input", "key": "d", "state": true}

Sending input: {"type": "input", "key": "d", "state": false}

Sending input: {"type": "input", "key": "a", "state": true}

Sending input: {"type": "input", "key": "a", "state": false}

Sending input: {"type": "input", "key": "w", "state": false}

Sending input: {"type": "input", "key": "w", "state": true}

Sending input: {"type": "input", "key": "d", "state": true}

Sending input: {"type": "input", "key": "a", "state": true}

Sending input: {"type": "input", "key": "d", "state": false}

Sending input: {"type": "input", "key": "w", "state": false}

Sending input: {"type": "input", "key": "a", "state": false}

Sending input: {"type": "input", "key": "w", "state": true}

Sending input: {"type": "input", "key": "a", "state": true}

Sending input: {"type": "input", "key": "a", "state": false}

Sending input: {"type": "input", "key": "d", "state": true}

Sending input: {"type": "input", "key": "d", "state": false}

Sending input: {"type": "input", "key": "a", "state": true}

Sending input: {"type": "input", "key": "a", "state": false}

Sending input: {"type": "input", "key": "a", "state": true}

Sending input: {"type": "input", "key": "a", "state": false}

Sending input: {"type": "input", "key": "d", "state": true}

Sending input: {"type": "input", "key": "d", "state": false}

Sending input: {"type": "input", "key": "d", "state": true}

Sending input: {"type": "input", "key": "d", "state": false}

Sending input: {"type": "input", "key": "a", "state": true}

Sending input: {"type": "input", "key": "a", "state": false}

Sending input: {"type": "input", "key": "a", "state": true}

Sending input: {"type": "input", "key": "a", "state": false}

Sending input: {"type": "input", "key": "w", "state": false}

Sending input: {"type": "input", "key": "w", "state": true}

Sending input: {"type": "input", "key": "d", "state": true}

Sending input: {"type": "input", "key": "d", "state": false}

Sending input: {"type": "input", "key": "a", "state": true}

Sending input: {"type": "input", "key": "a", "state": false}

Sending input: {"type": "input", "key": "d", "state": true}

Sending input: {"type": "input", "key": "d", "state": false}

Sending input: {"type": "input", "key": "a", "state": true}

Sending input: {"type": "input", "key": "a", "state": false}

Sending input: {"type": "input", "key": "d", "state": true}

Sending input: {"type": "input", "key": "d", "state": false}

Sending input: {"type": "input", "key": "w", "state": false}

Sending input: {"type": "input", "key": "a", "state": true}

Sending input: {"type": "input", "key": "w", "state": true}

Sending input: {"type": "input", "key": "a", "state": false}

Sending input: {"type": "input", "key": "d", "state": true}

Sending input: {"type": "input", "key": "w", "state": false}

Sending input: {"type": "input", "key": "d", "state": false}

